Arguments: 
  C:\Program Files\nodejs\node.exe C:\Program Files (x86)\Yarn\bin\yarn.js install

PATH: 
  C:\Windows\system32;C:\Windows;C:\Windows\System32\Wbem;C:\Windows\System32\WindowsPowerShell\v1.0\;C:\Windows\System32\OpenSSH\;C:\Program Files\nodejs\;C:\Program Files (x86)\Yarn\bin\;C:\Program Files\Git\cmd;C:\Users\Arunabh\AppData\Local\Microsoft\WindowsApps;C:\Users\Arunabh\AppData\Roaming\npm;C:\Users\Arunabh\AppData\Local\Yarn\bin;C:\Users\Arunabh\AppData\Local\Programs\Microsoft VS Code\bin

Yarn version: 
  1.22.4

Node version: 
  12.16.3

Platform: 
  win32 x64

Trace: 
  Error: getaddrinfo ENOTFOUND registry.yarnpkg.com
      at GetAddrInfoReqWrap.onlookup [as oncomplete] (dns.js:64:26)

npm manifest: 
  {
  	"name": "enough-coding",
  	"displayName": "enough coding",
  	"description": "Enough coding, now it's time to stop! ",
  	"version": "0.0.1",
  	"engines": {
  		"vscode": "^1.45.0"
  	},
  	"categories": [
  		"Other"
  	],
  	"activationEvents": [
          "onCommand:enough-coding.helloWorld"
  	],
  	"main": "./out/extension.js",
  	"contributes": {
  		"commands": [
  			{
  				"command": "enough-coding.helloWorld",
                  "title": "Hello World"
  			}
  		]
  	},
  	"scripts": {
  		"vscode:prepublish": "yarn run compile",
  		"compile": "tsc -p ./",
  		"lint": "eslint src --ext ts",
  		"watch": "tsc -watch -p ./",
  		"pretest": "yarn run compile && yarn run lint",
  		"test": "node ./out/test/runTest.js"
  	},
  	"devDependencies": {
  		"@types/vscode": "^1.45.0",
  		"@types/glob": "^7.1.1",
  		"@types/mocha": "^7.0.2",
  		"@types/node": "^13.11.0",
  		"eslint": "^6.8.0",
  		"@typescript-eslint/parser": "^2.30.0",
  		"@typescript-eslint/eslint-plugin": "^2.30.0",
  		"glob": "^7.1.6",
  		"mocha": "^7.1.2",
  		"typescript": "^3.8.3",
  		"vscode-test": "^1.3.0"
  	}
  }

yarn manifest: 
  No manifest

Lockfile: 
  No lockfile
